[debug] [2021-12-13T03:52:40.351Z] ----------------------------------------------------------------------
[debug] [2021-12-13T03:52:40.352Z] Command:       /usr/local/bin/firebase /Users/tamiolafunmiloye/.cache/firebase/tools/lib/node_modules/firebase-tools/lib/bin/firebase serve
[debug] [2021-12-13T03:52:40.352Z] CLI Version:   9.5.0
[debug] [2021-12-13T03:52:40.352Z] Platform:      darwin
[debug] [2021-12-13T03:52:40.353Z] Node Version:  v12.18.1
[debug] [2021-12-13T03:52:40.356Z] Time:          Sun Dec 12 2021 22:52:40 GMT-0500 (Eastern Standard Time)
[debug] [2021-12-13T03:52:40.356Z] ----------------------------------------------------------------------
[debug] [2021-12-13T03:52:40.356Z] 
[debug] [2021-12-13T03:52:40.360Z] >>> [apiv2][query] GET https://firebase-public.firebaseio.com/cli.json [none]
[debug] [2021-12-13T03:52:40.377Z] > command requires scopes: ["email","openid","https://www.googleapis.com/auth/cloudplatformprojects.readonly","https://www.googleapis.com/auth/firebase","https://www.googleapis.com/auth/cloud-platform"]
[debug] [2021-12-13T03:52:40.378Z] > authorizing via signed-in user
[debug] [2021-12-13T03:52:40.378Z] [iam] checking project tamiolaf-dot for permissions ["firebase.projects.get"]
[debug] [2021-12-13T03:52:40.379Z] > refreshing access token with scopes: ["email","https://www.googleapis.com/auth/cloud-platform","https://www.googleapis.com/auth/cloudplatformprojects.readonly","https://www.googleapis.com/auth/firebase","openid"]
[debug] [2021-12-13T03:52:40.379Z] >>> HTTP REQUEST POST https://www.googleapis.com/oauth2/v3/token  
 <request body omitted>
[debug] [2021-12-13T03:52:40.466Z] <<< HTTP RESPONSE 400 {"date":"Mon, 13 Dec 2021 03:52:40 GMT","expires":"Mon, 01 Jan 1990 00:00:00 GMT","cache-control":"no-cache, no-store, max-age=0, must-revalidate","pragma":"no-cache","content-type":"application/json; charset=utf-8","vary":"X-Origin, Referer, Origin,Accept-Encoding","server":"scaffolding on HTTPServer2","x-xss-protection":"0","x-frame-options":"SAMEORIGIN","x-content-type-options":"nosniff","alt-svc":"h3=\":443\"; ma=2592000,h3-29=\":443\"; ma=2592000,h3-Q050=\":443\"; ma=2592000,h3-Q046=\":443\"; ma=2592000,h3-Q043=\":443\"; ma=2592000,quic=\":443\"; ma=2592000; v=\"46,43\"","accept-ranges":"none","transfer-encoding":"chunked"}
[debug] [2021-12-13T03:52:40.467Z] >>> HTTP REQUEST POST https://cloudresourcemanager.googleapis.com/v1/projects/tamiolaf-dot:testIamPermissions  
 {"permissions":["firebase.projects.get"]}
[debug] [2021-12-13T03:52:40.534Z] <<< [apiv2][status] GET https://firebase-public.firebaseio.com/cli.json 200
[debug] [2021-12-13T03:52:40.535Z] <<< [apiv2][body] GET https://firebase-public.firebaseio.com/cli.json {"cloudBuildErrorAfter":1594252800000,"cloudBuildWarnAfter":1590019200000,"defaultNode10After":1594252800000,"minVersion":"3.0.5","node8DeploysDisabledAfter":1613390400000,"node8RuntimeDisabledAfter":1615809600000,"node8WarnAfter":1600128000000}
[debug] [2021-12-13T03:52:40.652Z] <<< HTTP RESPONSE 401 {"www-authenticate":"Bearer realm=\"https://accounts.google.com/\", error=\"invalid_token\"","vary":"X-Origin, Referer, Origin,Accept-Encoding","content-type":"application/json; charset=UTF-8","date":"Mon, 13 Dec 2021 03:52:40 GMT","server":"ESF","cache-control":"private","x-xss-protection":"0","x-frame-options":"SAMEORIGIN","x-content-type-options":"nosniff","server-timing":"gfet4t7; dur=126","alt-svc":"h3=\":443\"; ma=2592000,h3-29=\":443\"; ma=2592000,h3-Q050=\":443\"; ma=2592000,h3-Q046=\":443\"; ma=2592000,h3-Q043=\":443\"; ma=2592000,quic=\":443\"; ma=2592000; v=\"46,43\"","accept-ranges":"none","transfer-encoding":"chunked"}
[debug] [2021-12-13T03:52:40.653Z] <<< HTTP RESPONSE BODY {"error":{"code":401,"message":"Request had invalid authentication credentials. Expected OAuth 2 access token, login cookie or other valid authentication credential. See https://developers.google.com/identity/sign-in/web/devconsole-project.","status":"UNAUTHENTICATED"}}
[debug] [2021-12-13T03:52:40.657Z] [iam] error while checking permissions, command may fail: FirebaseError: HTTP Error: 401, Request had invalid authentication credentials. Expected OAuth 2 access token, login cookie or other valid authentication credential. See https://developers.google.com/identity/sign-in/web/devconsole-project.
[debug] [2021-12-13T03:52:40.658Z] > refreshing access token with scopes: []
[debug] [2021-12-13T03:52:40.658Z] >>> HTTP REQUEST POST https://www.googleapis.com/oauth2/v3/token  
 <request body omitted>
[debug] [2021-12-13T03:52:40.723Z] <<< HTTP RESPONSE 400 {"cache-control":"no-cache, no-store, max-age=0, must-revalidate","pragma":"no-cache","date":"Mon, 13 Dec 2021 03:52:40 GMT","expires":"Mon, 01 Jan 1990 00:00:00 GMT","content-type":"application/json; charset=utf-8","vary":"X-Origin, Referer, Origin,Accept-Encoding","server":"scaffolding on HTTPServer2","x-xss-protection":"0","x-frame-options":"SAMEORIGIN","x-content-type-options":"nosniff","alt-svc":"h3=\":443\"; ma=2592000,h3-29=\":443\"; ma=2592000,h3-Q050=\":443\"; ma=2592000,h3-Q046=\":443\"; ma=2592000,h3-Q043=\":443\"; ma=2592000,quic=\":443\"; ma=2592000; v=\"46,43\"","accept-ranges":"none","transfer-encoding":"chunked"}
[debug] [2021-12-13T03:52:40.726Z] >>> [apiv2][query] GET https://firebase.googleapis.com/v1beta1/projects/tamiolaf-dot [none]
[debug] [2021-12-13T03:52:40.890Z] <<< [apiv2][status] GET https://firebase.googleapis.com/v1beta1/projects/tamiolaf-dot 401
[debug] [2021-12-13T03:52:40.890Z] <<< [apiv2][body] GET https://firebase.googleapis.com/v1beta1/projects/tamiolaf-dot {"error":{"code":401,"message":"Request had invalid authentication credentials. Expected OAuth 2 access token, login cookie or other valid authentication credential. See https://developers.google.com/identity/sign-in/web/devconsole-project.","status":"UNAUTHENTICATED"}}
[debug] [2021-12-13T03:52:40.891Z] HTTP Error: 401, Request had invalid authentication credentials. Expected OAuth 2 access token, login cookie or other valid authentication credential. See https://developers.google.com/identity/sign-in/web/devconsole-project.
[debug] [2021-12-13T03:52:40.892Z] FirebaseError: HTTP Error: 401, Request had invalid authentication credentials. Expected OAuth 2 access token, login cookie or other valid authentication credential. See https://developers.google.com/identity/sign-in/web/devconsole-project.
    at module.exports (/Users/tamiolafunmiloye/.cache/firebase/tools/lib/node_modules/firebase-tools/lib/responseToError.js:38:12)
    at Client.doRequest (/Users/tamiolafunmiloye/.cache/firebase/tools/lib/node_modules/firebase-tools/lib/apiv2.js:238:23)
    at processTicksAndRejections (internal/process/task_queues.js:97:5)
    at async Client.request (/Users/tamiolafunmiloye/.cache/firebase/tools/lib/node_modules/firebase-tools/lib/apiv2.js:96:20)
    at async Object.getFirebaseProject (/Users/tamiolafunmiloye/.cache/firebase/tools/lib/node_modules/firebase-tools/lib/management/projects.js:289:21)
    at async getProjectNumber (/Users/tamiolafunmiloye/.cache/firebase/tools/lib/node_modules/firebase-tools/lib/getProjectNumber.js:11:22)
    at async /Users/tamiolafunmiloye/.cache/firebase/tools/lib/node_modules/firebase-tools/lib/command.js:161:17
[error] 
[error] Error: Failed to get Firebase project tamiolaf-dot. Please make sure the project exists and your account has permission to access it.
